TpTrace Verbose: 0 : 4245, 1, 2025/11/17, 15:28:12.676, 283661147880, vstest.console.dll, Version: 18.0.1-release-25523-111 Current process architecture: X64
TpTrace Verbose: 0 : 4245, 1, 2025/11/17, 15:28:12.679, 283664379363, vstest.console.dll, Runtime location: /usr/share/dotnet/shared/Microsoft.NETCore.App/10.0.0
TpTrace Information: 0 : 4245, 1, 2025/11/17, 15:28:12.682, 283667232491, vstest.console.dll, Using .Net Framework version:.NETCoreApp,Version=v6.0
TpTrace Verbose: 0 : 4245, 1, 2025/11/17, 15:28:12.682, 283667326827, vstest.console.dll, ArtifactProcessingPostProcessModeProcessorExecutor.Initialize: ArtifactProcessingMode.Collect
TpTrace Verbose: 0 : 4245, 1, 2025/11/17, 15:28:12.682, 283667395365, vstest.console.dll, TestSessionCorrelationIdProcessorModeProcessorExecutor.Initialize: TestSessionCorrelationId '4212_46fe4648-bffd-402c-bcb3-beff685110e3'
TpTrace Information: 0 : 4245, 1, 2025/11/17, 15:28:12.690, 283675404002, vstest.console.dll, FilePatternParser: The given file /home/runner/work/Frends.CSV2/Frends.CSV2/Frends.CSV.ConvertToJSON/Frends.CSV.ConvertToJSON.Tests/bin/Debug/net6.0/Frends.CSV.ConvertToJSON.Tests.dll is a full path.
TpTrace Verbose: 0 : 4245, 1, 2025/11/17, 15:28:12.693, 283678542402, vstest.console.dll, TestPluginCache.DiscoverTestExtensions: finding test extensions in assemblies ends with: RuntimeProvider.dll TPluginInfo: Microsoft.VisualStudio.TestPlatform.Common.ExtensionFramework.Utilities.TestRuntimePluginInformation TExtension: Microsoft.VisualStudio.TestPlatform.ObjectModel.Host.ITestRuntimeProvider
TpTrace Verbose: 0 : 4245, 1, 2025/11/17, 15:28:12.694, 283678839976, vstest.console.dll, TestPluginCache.GetExtensionPaths: Filtered extension paths: 
TpTrace Verbose: 0 : 4245, 1, 2025/11/17, 15:28:12.694, 283678926968, vstest.console.dll, TestPluginCache.GetExtensionPaths: Added default extension paths: /usr/share/dotnet/sdk/10.0.100/Extensions/Microsoft.TestPlatform.Extensions.BlameDataCollector.dll
/usr/share/dotnet/sdk/10.0.100/Extensions/Microsoft.TestPlatform.TestHostRuntimeProvider.dll
/usr/share/dotnet/sdk/10.0.100/Extensions/Microsoft.VisualStudio.TestPlatform.Extensions.Html.TestLogger.dll
/usr/share/dotnet/sdk/10.0.100/Extensions/Microsoft.Diagnostics.NETCore.Client.dll
/usr/share/dotnet/sdk/10.0.100/Extensions/Microsoft.TestPlatform.Extensions.EventLogCollector.dll
/usr/share/dotnet/sdk/10.0.100/Extensions/Microsoft.VisualStudio.TestPlatform.Extensions.Trx.TestLogger.dll
TpTrace Verbose: 0 : 4245, 1, 2025/11/17, 15:28:12.694, 283678961412, vstest.console.dll, TestPluginCache.GetExtensionPaths: Added unfilterableExtensionPaths: 
TpTrace Information: 0 : 4245, 1, 2025/11/17, 15:28:12.694, 283679476813, vstest.console.dll, AssemblyResolver.ctor: Creating AssemblyResolver with searchDirectories /usr/share/dotnet/sdk/10.0.100/Extensions,/usr/share/dotnet/sdk/10.0.100
TpTrace Verbose: 0 : 4245, 1, 2025/11/17, 15:28:12.695, 283680328019, vstest.console.dll, TestPluginCache.DiscoverTestExtensions: Discovering the extensions using extension path.
TpTrace Verbose: 0 : 4245, 1, 2025/11/17, 15:28:12.695, 283680443345, vstest.console.dll, TestPluginCache.GetExtensionPaths: Filtered extension paths: 
TpTrace Verbose: 0 : 4245, 1, 2025/11/17, 15:28:12.695, 283680485433, vstest.console.dll, TestPluginCache.GetExtensionPaths: Added default extension paths: /usr/share/dotnet/sdk/10.0.100/Extensions/Microsoft.TestPlatform.Extensions.BlameDataCollector.dll
/usr/share/dotnet/sdk/10.0.100/Extensions/Microsoft.TestPlatform.TestHostRuntimeProvider.dll
/usr/share/dotnet/sdk/10.0.100/Extensions/Microsoft.VisualStudio.TestPlatform.Extensions.Html.TestLogger.dll
/usr/share/dotnet/sdk/10.0.100/Extensions/Microsoft.Diagnostics.NETCore.Client.dll
/usr/share/dotnet/sdk/10.0.100/Extensions/Microsoft.TestPlatform.Extensions.EventLogCollector.dll
/usr/share/dotnet/sdk/10.0.100/Extensions/Microsoft.VisualStudio.TestPlatform.Extensions.Trx.TestLogger.dll
TpTrace Verbose: 0 : 4245, 1, 2025/11/17, 15:28:12.695, 283680502535, vstest.console.dll, TestPluginCache.GetExtensionPaths: Added unfilterableExtensionPaths: 
TpTrace Verbose: 0 : 4245, 1, 2025/11/17, 15:28:12.696, 283680562306, vstest.console.dll, TestPluginCache.DiscoverTestExtensions: Discovering the extensions using allExtensionPaths: /usr/share/dotnet/sdk/10.0.100/Extensions/Microsoft.TestPlatform.Extensions.BlameDataCollector.dll
/usr/share/dotnet/sdk/10.0.100/Extensions/Microsoft.TestPlatform.TestHostRuntimeProvider.dll
/usr/share/dotnet/sdk/10.0.100/Extensions/Microsoft.VisualStudio.TestPlatform.Extensions.Html.TestLogger.dll
/usr/share/dotnet/sdk/10.0.100/Extensions/Microsoft.Diagnostics.NETCore.Client.dll
/usr/share/dotnet/sdk/10.0.100/Extensions/Microsoft.TestPlatform.Extensions.EventLogCollector.dll
/usr/share/dotnet/sdk/10.0.100/Extensions/Microsoft.VisualStudio.TestPlatform.Extensions.Trx.TestLogger.dll
TpTrace Information: 0 : 4245, 1, 2025/11/17, 15:28:12.696, 283680671039, vstest.console.dll, AssemblyResolver.AddSearchDirectories: Adding more searchDirectories /usr/share/dotnet/sdk/10.0.100/Extensions,/usr/share/dotnet/sdk/10.0.100
TpTrace Information: 0 : 4245, 1, 2025/11/17, 15:28:12.696, 283680719189, vstest.console.dll, AssemblyResolver.AddSearchDirectories: Adding more searchDirectories /usr/share/dotnet/sdk/10.0.100/Extensions,/usr/share/dotnet/sdk/10.0.100
TpTrace Information: 0 : 4245, 1, 2025/11/17, 15:28:12.696, 283680736030, vstest.console.dll, AssemblyResolver.AddSearchDirectories: Adding more searchDirectories /usr/share/dotnet/sdk/10.0.100/Extensions,/usr/share/dotnet/sdk/10.0.100
TpTrace Information: 0 : 4245, 1, 2025/11/17, 15:28:12.696, 283680785452, vstest.console.dll, AssemblyResolver.AddSearchDirectories: Adding more searchDirectories /usr/share/dotnet/sdk/10.0.100/Extensions,/usr/share/dotnet/sdk/10.0.100
TpTrace Information: 0 : 4245, 1, 2025/11/17, 15:28:12.696, 283680808445, vstest.console.dll, AssemblyResolver.AddSearchDirectories: Adding more searchDirectories /usr/share/dotnet/sdk/10.0.100/Extensions,/usr/share/dotnet/sdk/10.0.100
TpTrace Information: 0 : 4245, 1, 2025/11/17, 15:28:12.696, 283680827270, vstest.console.dll, AssemblyResolver.AddSearchDirectories: Adding more searchDirectories /usr/share/dotnet/sdk/10.0.100/Extensions,/usr/share/dotnet/sdk/10.0.100
TpTrace Information: 0 : 4245, 1, 2025/11/17, 15:28:12.696, 283681436766, vstest.console.dll, AssemblyResolver.OnResolve: Microsoft.TestPlatform.Extensions.BlameDataCollector: Resolving assembly.
TpTrace Information: 0 : 4245, 1, 2025/11/17, 15:28:12.696, 283681507438, vstest.console.dll, AssemblyResolver.OnResolve: Microsoft.TestPlatform.Extensions.BlameDataCollector: Searching in: '/usr/share/dotnet/sdk/10.0.100/Extensions'.
TpTrace Information: 0 : 4245, 1, 2025/11/17, 15:28:12.703, 283688324845, vstest.console.dll, AssemblyResolver.OnResolve: Microsoft.TestPlatform.Extensions.BlameDataCollector: Loading assembly '/usr/share/dotnet/sdk/10.0.100/Extensions/Microsoft.TestPlatform.Extensions.BlameDataCollector.dll'.
TpTrace Information: 0 : 4245, 1, 2025/11/17, 15:28:12.704, 283688579690, vstest.console.dll, AssemblyResolver.OnResolve: Resolved assembly: Microsoft.TestPlatform.Extensions.BlameDataCollector, from path: /usr/share/dotnet/sdk/10.0.100/Extensions/Microsoft.TestPlatform.Extensions.BlameDataCollector.dll
TpTrace Verbose: 0 : 4245, 1, 2025/11/17, 15:28:12.704, 283689519842, vstest.console.dll, MetadataReaderExtensionsHelper: Discovering extensions inside assembly 'Microsoft.TestPlatform.Extensions.BlameDataCollector, Version=15.0.0.0, Culture=neutral, PublicKeyToken=b03f5f7f11d50a3a' file path '/usr/share/dotnet/sdk/10.0.100/Extensions/Microsoft.TestPlatform.Extensions.BlameDataCollector.dll'
TpTrace Information: 0 : 4245, 1, 2025/11/17, 15:28:12.706, 283690975215, vstest.console.dll, AssemblyResolver.OnResolve: Microsoft.TestPlatform.TestHostRuntimeProvider: Resolving assembly.
TpTrace Information: 0 : 4245, 1, 2025/11/17, 15:28:12.706, 283691047910, vstest.console.dll, AssemblyResolver.OnResolve: Microsoft.TestPlatform.TestHostRuntimeProvider: Searching in: '/usr/share/dotnet/sdk/10.0.100/Extensions'.
TpTrace Information: 0 : 4245, 1, 2025/11/17, 15:28:12.706, 283691203951, vstest.console.dll, AssemblyResolver.OnResolve: Microsoft.TestPlatform.TestHostRuntimeProvider: Loading assembly '/usr/share/dotnet/sdk/10.0.100/Extensions/Microsoft.TestPlatform.TestHostRuntimeProvider.dll'.
TpTrace Information: 0 : 4245, 1, 2025/11/17, 15:28:12.706, 283691405086, vstest.console.dll, AssemblyResolver.OnResolve: Resolved assembly: Microsoft.TestPlatform.TestHostRuntimeProvider, from path: /usr/share/dotnet/sdk/10.0.100/Extensions/Microsoft.TestPlatform.TestHostRuntimeProvider.dll
TpTrace Verbose: 0 : 4245, 1, 2025/11/17, 15:28:12.706, 283691459077, vstest.console.dll, MetadataReaderExtensionsHelper: Discovering extensions inside assembly 'Microsoft.TestPlatform.TestHostRuntimeProvider, Version=15.0.0.0, Culture=neutral, PublicKeyToken=b03f5f7f11d50a3a' file path '/usr/share/dotnet/sdk/10.0.100/Extensions/Microsoft.TestPlatform.TestHostRuntimeProvider.dll'
TpTrace Information: 0 : 4245, 1, 2025/11/17, 15:28:12.707, 283692456365, vstest.console.dll, GetTestExtensionFromType: Register extension with identifier data 'HostProvider://DefaultTestHost' and type 'Microsoft.VisualStudio.TestPlatform.CrossPlatEngine.Hosting.DefaultTestHostManager, Microsoft.TestPlatform.TestHostRuntimeProvider, Version=15.0.0.0, Culture=neutral, PublicKeyToken=b03f5f7f11d50a3a' inside file '/usr/share/dotnet/sdk/10.0.100/Extensions/Microsoft.TestPlatform.TestHostRuntimeProvider.dll'
TpTrace Information: 0 : 4245, 1, 2025/11/17, 15:28:12.708, 283692718564, vstest.console.dll, GetTestExtensionFromType: Register extension with identifier data 'HostProvider://DotnetTestHost' and type 'Microsoft.VisualStudio.TestPlatform.CrossPlatEngine.Hosting.DotnetTestHostManager, Microsoft.TestPlatform.TestHostRuntimeProvider, Version=15.0.0.0, Culture=neutral, PublicKeyToken=b03f5f7f11d50a3a' inside file '/usr/share/dotnet/sdk/10.0.100/Extensions/Microsoft.TestPlatform.TestHostRuntimeProvider.dll'
TpTrace Information: 0 : 4245, 1, 2025/11/17, 15:28:12.708, 283692781611, vstest.console.dll, AssemblyResolver.OnResolve: Microsoft.VisualStudio.TestPlatform.Extensions.Html.TestLogger: Resolving assembly.
TpTrace Information: 0 : 4245, 1, 2025/11/17, 15:28:12.708, 283692802330, vstest.console.dll, AssemblyResolver.OnResolve: Microsoft.VisualStudio.TestPlatform.Extensions.Html.TestLogger: Searching in: '/usr/share/dotnet/sdk/10.0.100/Extensions'.
TpTrace Information: 0 : 4245, 1, 2025/11/17, 15:28:12.708, 283692913447, vstest.console.dll, AssemblyResolver.OnResolve: Microsoft.VisualStudio.TestPlatform.Extensions.Html.TestLogger: Loading assembly '/usr/share/dotnet/sdk/10.0.100/Extensions/Microsoft.VisualStudio.TestPlatform.Extensions.Html.TestLogger.dll'.
TpTrace Information: 0 : 4245, 1, 2025/11/17, 15:28:12.708, 283693138436, vstest.console.dll, AssemblyResolver.OnResolve: Resolved assembly: Microsoft.VisualStudio.TestPlatform.Extensions.Html.TestLogger, from path: /usr/share/dotnet/sdk/10.0.100/Extensions/Microsoft.VisualStudio.TestPlatform.Extensions.Html.TestLogger.dll
TpTrace Verbose: 0 : 4245, 1, 2025/11/17, 15:28:12.708, 283693197857, vstest.console.dll, MetadataReaderExtensionsHelper: Discovering extensions inside assembly 'Microsoft.VisualStudio.TestPlatform.Extensions.Html.TestLogger, Version=15.0.0.0, Culture=neutral, PublicKeyToken=b03f5f7f11d50a3a' file path '/usr/share/dotnet/sdk/10.0.100/Extensions/Microsoft.VisualStudio.TestPlatform.Extensions.Html.TestLogger.dll'
TpTrace Information: 0 : 4245, 1, 2025/11/17, 15:28:12.709, 283693690395, vstest.console.dll, AssemblyResolver.OnResolve: Microsoft.Diagnostics.NETCore.Client: Resolving assembly.
TpTrace Information: 0 : 4245, 1, 2025/11/17, 15:28:12.709, 283693727615, vstest.console.dll, AssemblyResolver.OnResolve: Microsoft.Diagnostics.NETCore.Client: Searching in: '/usr/share/dotnet/sdk/10.0.100/Extensions'.
TpTrace Information: 0 : 4245, 1, 2025/11/17, 15:28:12.709, 283693843942, vstest.console.dll, AssemblyResolver.OnResolve: Microsoft.Diagnostics.NETCore.Client: Loading assembly '/usr/share/dotnet/sdk/10.0.100/Extensions/Microsoft.Diagnostics.NETCore.Client.dll'.
TpTrace Information: 0 : 4245, 1, 2025/11/17, 15:28:12.709, 283694062790, vstest.console.dll, AssemblyResolver.OnResolve: Resolved assembly: Microsoft.Diagnostics.NETCore.Client, from path: /usr/share/dotnet/sdk/10.0.100/Extensions/Microsoft.Diagnostics.NETCore.Client.dll
TpTrace Verbose: 0 : 4245, 1, 2025/11/17, 15:28:12.709, 283694113865, vstest.console.dll, MetadataReaderExtensionsHelper: Discovering extensions inside assembly 'Microsoft.Diagnostics.NETCore.Client, Version=0.2.13.2411, Culture=neutral, PublicKeyToken=31bf3856ad364e35' file path '/usr/share/dotnet/sdk/10.0.100/Extensions/Microsoft.Diagnostics.NETCore.Client.dll'
TpTrace Information: 0 : 4245, 1, 2025/11/17, 15:28:12.710, 283694707251, vstest.console.dll, AssemblyResolver.OnResolve: Microsoft.Bcl.AsyncInterfaces: Resolving assembly.
TpTrace Information: 0 : 4245, 1, 2025/11/17, 15:28:12.710, 283694750060, vstest.console.dll, AssemblyResolver.OnResolve: Microsoft.Bcl.AsyncInterfaces: Searching in: '/usr/share/dotnet/sdk/10.0.100/Extensions'.
TpTrace Information: 0 : 4245, 1, 2025/11/17, 15:28:12.710, 283694766521, vstest.console.dll, AssemblyResolver.OnResolve: Microsoft.Bcl.AsyncInterfaces: Assembly path does not exist: '/usr/share/dotnet/sdk/10.0.100/Extensions/Microsoft.Bcl.AsyncInterfaces.dll', returning.
TpTrace Information: 0 : 4245, 1, 2025/11/17, 15:28:12.710, 283694783042, vstest.console.dll, AssemblyResolver.OnResolve: Microsoft.Bcl.AsyncInterfaces: Assembly path does not exist: '/usr/share/dotnet/sdk/10.0.100/Extensions/Microsoft.Bcl.AsyncInterfaces.exe', returning.
TpTrace Information: 0 : 4245, 1, 2025/11/17, 15:28:12.710, 283694800084, vstest.console.dll, AssemblyResolver.OnResolve: Microsoft.Bcl.AsyncInterfaces: Searching in: '/usr/share/dotnet/sdk/10.0.100'.
TpTrace Information: 0 : 4245, 1, 2025/11/17, 15:28:12.710, 283694827234, vstest.console.dll, AssemblyResolver.OnResolve: Microsoft.Bcl.AsyncInterfaces: Assembly path does not exist: '/usr/share/dotnet/sdk/10.0.100/Microsoft.Bcl.AsyncInterfaces.dll', returning.
TpTrace Information: 0 : 4245, 1, 2025/11/17, 15:28:12.710, 283694849656, vstest.console.dll, AssemblyResolver.OnResolve: Microsoft.Bcl.AsyncInterfaces: Assembly path does not exist: '/usr/share/dotnet/sdk/10.0.100/Microsoft.Bcl.AsyncInterfaces.exe', returning.
TpTrace Information: 0 : 4245, 1, 2025/11/17, 15:28:12.710, 283694864223, vstest.console.dll, AssemblyResolver.OnResolve: Microsoft.Bcl.AsyncInterfaces: Failed to load assembly.
TpTrace Verbose: 0 : 4245, 1, 2025/11/17, 15:28:12.710, 283694882157, vstest.console.dll, CurrentDomainAssemblyResolve: Resolving assembly 'Microsoft.Bcl.AsyncInterfaces'.
TpTrace Information: 0 : 4245, 1, 2025/11/17, 15:28:12.710, 283694920177, vstest.console.dll, AssemblyResolver.OnResolve: Microsoft.Bcl.AsyncInterfaces: Resolving assembly.
TpTrace Information: 0 : 4245, 1, 2025/11/17, 15:28:12.710, 283694956876, vstest.console.dll, AssemblyResolver.OnResolve: Microsoft.Bcl.AsyncInterfaces: Resolved from cache.
TpTrace Verbose: 0 : 4245, 1, 2025/11/17, 15:28:12.710, 283694980260, vstest.console.dll, CurrentDomainAssemblyResolve: Resolving assembly 'Microsoft.Bcl.AsyncInterfaces'.
TpTrace Verbose: 0 : 4245, 1, 2025/11/17, 15:28:12.710, 283695018511, vstest.console.dll, CurrentDomainAssemblyResolve: Failed to resolve assembly 'Microsoft.Bcl.AsyncInterfaces'.
TpTrace Verbose: 0 : 4245, 1, 2025/11/17, 15:28:12.710, 283695280769, vstest.console.dll, CurrentDomainAssemblyResolve: Failed to resolve assembly 'Microsoft.Bcl.AsyncInterfaces'.
TpTrace Information: 0 : 4245, 1, 2025/11/17, 15:28:12.712, 283696907241, vstest.console.dll, AssemblyResolver.OnResolve: Microsoft.Bcl.AsyncInterfaces: Resolving assembly.
TpTrace Information: 0 : 4245, 1, 2025/11/17, 15:28:12.712, 283696952425, vstest.console.dll, AssemblyResolver.OnResolve: Microsoft.Bcl.AsyncInterfaces: Resolved from cache.
TpTrace Verbose: 0 : 4245, 1, 2025/11/17, 15:28:12.712, 283696967303, vstest.console.dll, CurrentDomainAssemblyResolve: Resolving assembly 'Microsoft.Bcl.AsyncInterfaces'.
TpTrace Verbose: 0 : 4245, 1, 2025/11/17, 15:28:12.712, 283696977051, vstest.console.dll, CurrentDomainAssemblyResolve: Failed to resolve assembly 'Microsoft.Bcl.AsyncInterfaces'.
TpTrace Information: 0 : 4245, 1, 2025/11/17, 15:28:12.713, 283697813681, vstest.console.dll, AssemblyResolver.OnResolve: Microsoft.Bcl.AsyncInterfaces: Resolving assembly.
TpTrace Information: 0 : 4245, 1, 2025/11/17, 15:28:12.713, 283697851211, vstest.console.dll, AssemblyResolver.OnResolve: Microsoft.Bcl.AsyncInterfaces: Resolved from cache.
TpTrace Verbose: 0 : 4245, 1, 2025/11/17, 15:28:12.713, 283697863674, vstest.console.dll, CurrentDomainAssemblyResolve: Resolving assembly 'Microsoft.Bcl.AsyncInterfaces'.
TpTrace Verbose: 0 : 4245, 1, 2025/11/17, 15:28:12.713, 283697873422, vstest.console.dll, CurrentDomainAssemblyResolve: Failed to resolve assembly 'Microsoft.Bcl.AsyncInterfaces'.
TpTrace Warning: 0 : 4245, 1, 2025/11/17, 15:28:12.721, 283705837646, vstest.console.dll, TestPluginDiscoverer: Failed to get types from assembly 'Microsoft.Diagnostics.NETCore.Client, Version=0.2.13.2411, Culture=neutral, PublicKeyToken=31bf3856ad364e35'. Error: System.Reflection.ReflectionTypeLoadException: Unable to load one or more of the requested types.
Could not load file or assembly 'Microsoft.Bcl.AsyncInterfaces, Version=9.0.0.8, Culture=neutral, PublicKeyToken=cc7b13ffcd2ddd51'. The system cannot find the file specified.

Could not load file or assembly 'Microsoft.Bcl.AsyncInterfaces, Version=9.0.0.8, Culture=neutral, PublicKeyToken=cc7b13ffcd2ddd51'. The system cannot find the file specified.

Could not load file or assembly 'Microsoft.Bcl.AsyncInterfaces, Version=9.0.0.8, Culture=neutral, PublicKeyToken=cc7b13ffcd2ddd51'. The system cannot find the file specified.

   at System.Reflection.RuntimeModule.GetDefinedTypes()
   at System.Reflection.RuntimeModule.GetTypes()
   at Microsoft.VisualStudio.TestPlatform.Common.ExtensionFramework.TestPluginDiscoverer.GetTestExtensionsFromAssembly[TPluginInfo,TExtension](Assembly assembly, Dictionary`2 pluginInfos, String filePath) in /_/src/vstest/src/Microsoft.TestPlatform.Common/ExtensionFramework/TestPluginDiscoverer.cs:line 159
System.IO.FileNotFoundException: Could not load file or assembly 'Microsoft.Bcl.AsyncInterfaces, Version=9.0.0.8, Culture=neutral, PublicKeyToken=cc7b13ffcd2ddd51'. The system cannot find the file specified.

File name: 'Microsoft.Bcl.AsyncInterfaces, Version=9.0.0.8, Culture=neutral, PublicKeyToken=cc7b13ffcd2ddd51'
 ---> System.IO.FileNotFoundException: Could not load file or assembly 'Microsoft.Bcl.AsyncInterfaces, Culture=neutral, PublicKeyToken=null'. The system cannot find the file specified.

File name: 'Microsoft.Bcl.AsyncInterfaces, Culture=neutral, PublicKeyToken=null'
   at System.Reflection.RuntimeAssembly.InternalLoad(AssemblyName assemblyName, StackCrawlMark& stackMark, AssemblyLoadContext assemblyLoadContext, RuntimeAssembly requestingAssembly, Boolean throwOnFileNotFound)
   at System.Reflection.Assembly.Load(AssemblyName assemblyRef)
   at Microsoft.VisualStudio.TestPlatform.Common.ExtensionFramework.TestPluginCache.CurrentDomainAssemblyResolve(Object sender, AssemblyResolveEventArgs args) in /_/src/vstest/src/Microsoft.TestPlatform.Common/ExtensionFramework/TestPluginCache.cs:line 514
   at System.Runtime.Loader.AssemblyLoadContext.GetFirstResolvedAssemblyFromResolvingEvent(AssemblyName assemblyName)
   at System.Runtime.Loader.AssemblyLoadContext.ResolveUsingEvent(AssemblyName assemblyName)
System.IO.FileNotFoundException: Could not load file or assembly 'Microsoft.Bcl.AsyncInterfaces, Version=9.0.0.8, Culture=neutral, PublicKeyToken=cc7b13ffcd2ddd51'. The system cannot find the file specified.

File name: 'Microsoft.Bcl.AsyncInterfaces, Version=9.0.0.8, Culture=neutral, PublicKeyToken=cc7b13ffcd2ddd51'
System.IO.FileNotFoundException: Could not load file or assembly 'Microsoft.Bcl.AsyncInterfaces, Version=9.0.0.8, Culture=neutral, PublicKeyToken=cc7b13ffcd2ddd51'. The system cannot find the file specified.

File name: 'Microsoft.Bcl.AsyncInterfaces, Version=9.0.0.8, Culture=neutral, PublicKeyToken=cc7b13ffcd2ddd51'
TpTrace Warning: 0 : 4245, 1, 2025/11/17, 15:28:12.721, 283706133137, vstest.console.dll, LoaderExceptions: System.IO.FileNotFoundException: Could not load file or assembly 'Microsoft.Bcl.AsyncInterfaces, Version=9.0.0.8, Culture=neutral, PublicKeyToken=cc7b13ffcd2ddd51'. The system cannot find the file specified.

File name: 'Microsoft.Bcl.AsyncInterfaces, Version=9.0.0.8, Culture=neutral, PublicKeyToken=cc7b13ffcd2ddd51'
 ---> System.IO.FileNotFoundException: Could not load file or assembly 'Microsoft.Bcl.AsyncInterfaces, Culture=neutral, PublicKeyToken=null'. The system cannot find the file specified.

File name: 'Microsoft.Bcl.AsyncInterfaces, Culture=neutral, PublicKeyToken=null'
   at System.Reflection.RuntimeAssembly.InternalLoad(AssemblyName assemblyName, StackCrawlMark& stackMark, AssemblyLoadContext assemblyLoadContext, RuntimeAssembly requestingAssembly, Boolean throwOnFileNotFound)
   at System.Reflection.Assembly.Load(AssemblyName assemblyRef)
   at Microsoft.VisualStudio.TestPlatform.Common.ExtensionFramework.TestPluginCache.CurrentDomainAssemblyResolve(Object sender, AssemblyResolveEventArgs args) in /_/src/vstest/src/Microsoft.TestPlatform.Common/ExtensionFramework/TestPluginCache.cs:line 514
   at System.Runtime.Loader.AssemblyLoadContext.GetFirstResolvedAssemblyFromResolvingEvent(AssemblyName assemblyName)
   at System.Runtime.Loader.AssemblyLoadContext.ResolveUsingEvent(AssemblyName assemblyName)
TpTrace Warning: 0 : 4245, 1, 2025/11/17, 15:28:12.721, 283706183912, vstest.console.dll, LoaderExceptions: System.IO.FileNotFoundException: Could not load file or assembly 'Microsoft.Bcl.AsyncInterfaces, Version=9.0.0.8, Culture=neutral, PublicKeyToken=cc7b13ffcd2ddd51'. The system cannot find the file specified.

File name: 'Microsoft.Bcl.AsyncInterfaces, Version=9.0.0.8, Culture=neutral, PublicKeyToken=cc7b13ffcd2ddd51'
TpTrace Warning: 0 : 4245, 1, 2025/11/17, 15:28:12.721, 283706198409, vstest.console.dll, LoaderExceptions: System.IO.FileNotFoundException: Could not load file or assembly 'Microsoft.Bcl.AsyncInterfaces, Version=9.0.0.8, Culture=neutral, PublicKeyToken=cc7b13ffcd2ddd51'. The system cannot find the file specified.

File name: 'Microsoft.Bcl.AsyncInterfaces, Version=9.0.0.8, Culture=neutral, PublicKeyToken=cc7b13ffcd2ddd51'
TpTrace Information: 0 : 4245, 1, 2025/11/17, 15:28:12.721, 283706254654, vstest.console.dll, AssemblyResolver.OnResolve: Microsoft.TestPlatform.Extensions.EventLogCollector: Resolving assembly.
TpTrace Information: 0 : 4245, 1, 2025/11/17, 15:28:12.721, 283706276164, vstest.console.dll, AssemblyResolver.OnResolve: Microsoft.TestPlatform.Extensions.EventLogCollector: Searching in: '/usr/share/dotnet/sdk/10.0.100/Extensions'.
TpTrace Information: 0 : 4245, 1, 2025/11/17, 15:28:12.721, 283706376200, vstest.console.dll, AssemblyResolver.OnResolve: Microsoft.TestPlatform.Extensions.EventLogCollector: Loading assembly '/usr/share/dotnet/sdk/10.0.100/Extensions/Microsoft.TestPlatform.Extensions.EventLogCollector.dll'.
TpTrace Information: 0 : 4245, 1, 2025/11/17, 15:28:12.721, 283706539505, vstest.console.dll, AssemblyResolver.OnResolve: Resolved assembly: Microsoft.TestPlatform.Extensions.EventLogCollector, from path: /usr/share/dotnet/sdk/10.0.100/Extensions/Microsoft.TestPlatform.Extensions.EventLogCollector.dll
TpTrace Verbose: 0 : 4245, 1, 2025/11/17, 15:28:12.722, 283706587644, vstest.console.dll, MetadataReaderExtensionsHelper: Discovering extensions inside assembly 'Microsoft.TestPlatform.Extensions.EventLogCollector, Version=15.0.0.0, Culture=neutral, PublicKeyToken=b03f5f7f11d50a3a' file path '/usr/share/dotnet/sdk/10.0.100/Extensions/Microsoft.TestPlatform.Extensions.EventLogCollector.dll'
TpTrace Information: 0 : 4245, 1, 2025/11/17, 15:28:12.723, 283707629225, vstest.console.dll, AssemblyResolver.OnResolve: Microsoft.VisualStudio.TestPlatform.Extensions.Trx.TestLogger: Resolving assembly.
TpTrace Information: 0 : 4245, 1, 2025/11/17, 15:28:12.723, 283707677325, vstest.console.dll, AssemblyResolver.OnResolve: Microsoft.VisualStudio.TestPlatform.Extensions.Trx.TestLogger: Searching in: '/usr/share/dotnet/sdk/10.0.100/Extensions'.
TpTrace Information: 0 : 4245, 1, 2025/11/17, 15:28:12.723, 283707802459, vstest.console.dll, AssemblyResolver.OnResolve: Microsoft.VisualStudio.TestPlatform.Extensions.Trx.TestLogger: Loading assembly '/usr/share/dotnet/sdk/10.0.100/Extensions/Microsoft.VisualStudio.TestPlatform.Extensions.Trx.TestLogger.dll'.
TpTrace Information: 0 : 4245, 1, 2025/11/17, 15:28:12.723, 283708051052, vstest.console.dll, AssemblyResolver.OnResolve: Resolved assembly: Microsoft.VisualStudio.TestPlatform.Extensions.Trx.TestLogger, from path: /usr/share/dotnet/sdk/10.0.100/Extensions/Microsoft.VisualStudio.TestPlatform.Extensions.Trx.TestLogger.dll
TpTrace Verbose: 0 : 4245, 1, 2025/11/17, 15:28:12.723, 283708098731, vstest.console.dll, MetadataReaderExtensionsHelper: Discovering extensions inside assembly 'Microsoft.VisualStudio.TestPlatform.Extensions.Trx.TestLogger, Version=15.0.0.0, Culture=neutral, PublicKeyToken=b03f5f7f11d50a3a' file path '/usr/share/dotnet/sdk/10.0.100/Extensions/Microsoft.VisualStudio.TestPlatform.Extensions.Trx.TestLogger.dll'
TpTrace Verbose: 0 : 4245, 1, 2025/11/17, 15:28:12.724, 283708709810, vstest.console.dll, TestPluginCache: Discovered the extensions using extension path ''.
TpTrace Verbose: 0 : 4245, 1, 2025/11/17, 15:28:12.724, 283708752409, vstest.console.dll, TestPluginCache: Discoverers are ''.
TpTrace Verbose: 0 : 4245, 1, 2025/11/17, 15:28:12.724, 283708772817, vstest.console.dll, TestPluginCache: Executors are ''.
TpTrace Verbose: 0 : 4245, 1, 2025/11/17, 15:28:12.724, 283708787294, vstest.console.dll, TestPluginCache: Executors2 are ''.
TpTrace Verbose: 0 : 4245, 1, 2025/11/17, 15:28:12.724, 283708802202, vstest.console.dll, TestPluginCache: Setting providers are ''.
TpTrace Verbose: 0 : 4245, 1, 2025/11/17, 15:28:12.724, 283708820035, vstest.console.dll, TestPluginCache: Loggers are ''.
TpTrace Verbose: 0 : 4245, 1, 2025/11/17, 15:28:12.724, 283709064643, vstest.console.dll, TestPluginCache: TestHosts are 'HostProvider://DefaultTestHost,HostProvider://DotnetTestHost'.
TpTrace Verbose: 0 : 4245, 1, 2025/11/17, 15:28:12.724, 283709102113, vstest.console.dll, TestPluginCache: DataCollectors are ''.
TpTrace Information: 0 : 4245, 1, 2025/11/17, 15:28:12.734, 283718907289, vstest.console.dll, RunTestsArgumentProcessor:Execute: Test run is starting.
TpTrace Verbose: 0 : 4245, 1, 2025/11/17, 15:28:12.734, 283718948355, vstest.console.dll, RunTestsArgumentProcessor:Execute: Queuing Test run.
TpTrace Information: 0 : 4245, 1, 2025/11/17, 15:28:12.734, 283719202549, vstest.console.dll, TestRequestManager.RunTests: run tests started.
TpTrace Information: 0 : 4245, 1, 2025/11/17, 15:28:12.735, 283720364174, vstest.console.dll, AssemblyMetadataProvider.GetFrameworkName: Determined framework:'.NETCoreApp,Version=v6.0' for source: '/home/runner/work/Frends.CSV2/Frends.CSV2/Frends.CSV.ConvertToJSON/Frends.CSV.ConvertToJSON.Tests/bin/Debug/net6.0/Frends.CSV.ConvertToJSON.Tests.dll'
TpTrace Information: 0 : 4245, 1, 2025/11/17, 15:28:12.735, 283720514194, vstest.console.dll, Determined framework for all sources: .NETCoreApp,Version=v6.0
TpTrace Verbose: 0 : 4245, 1, 2025/11/17, 15:28:12.737, 283721694794, vstest.console.dll, TestRequestManager.UpdateRunSettingsIfRequired: Default architecture: X64 IsDefaultTargetArchitecture: True, Current process architecture: X64 OperatingSystem: Unix.
TpTrace Information: 0 : 4245, 1, 2025/11/17, 15:28:12.738, 283722909368, vstest.console.dll, AssemblyMetadataProvider.GetArchitecture: Determined architecture:AnyCPU info for assembly: /home/runner/work/Frends.CSV2/Frends.CSV2/Frends.CSV.ConvertToJSON/Frends.CSV.ConvertToJSON.Tests/bin/Debug/net6.0/Frends.CSV.ConvertToJSON.Tests.dll
TpTrace Information: 0 : 4245, 1, 2025/11/17, 15:28:12.738, 283722955564, vstest.console.dll, Determined platform for source '/home/runner/work/Frends.CSV2/Frends.CSV2/Frends.CSV.ConvertToJSON/Frends.CSV.ConvertToJSON.Tests/bin/Debug/net6.0/Frends.CSV.ConvertToJSON.Tests.dll' was AnyCPU and it will use the default plaform X64.
TpTrace Information: 0 : 4245, 1, 2025/11/17, 15:28:12.738, 283722969751, vstest.console.dll, None of the sources provided any runnable platform, using the default platform: X64
TpTrace Information: 0 : 4245, 1, 2025/11/17, 15:28:12.738, 283723108940, vstest.console.dll, Platform was updated to 'X64'.
TpTrace Information: 0 : 4245, 1, 2025/11/17, 15:28:12.740, 283724819138, vstest.console.dll, Compatible sources list: 
TpTrace Information: 0 : 4245, 1, 2025/11/17, 15:28:12.740, 283724862238, vstest.console.dll, /home/runner/work/Frends.CSV2/Frends.CSV2/Frends.CSV.ConvertToJSON/Frends.CSV.ConvertToJSON.Tests/bin/Debug/net6.0/Frends.CSV.ConvertToJSON.Tests.dll
TpTrace Information: 0 : 4245, 1, 2025/11/17, 15:28:12.742, 283727232205, vstest.console.dll, InferRunSettingsHelper.IsTestSettingsEnabled: Unable to navigate to RunSettings/MSTest. Current node: RunSettings
TpTrace Information: 0 : 4245, 1, 2025/11/17, 15:28:12.743, 283727745182, vstest.console.dll, AssemblyResolver.OnResolve: Microsoft.VisualStudio.TestPlatform.Fakes: Resolving assembly.
TpTrace Information: 0 : 4245, 1, 2025/11/17, 15:28:12.743, 283727783302, vstest.console.dll, AssemblyResolver.OnResolve: Microsoft.VisualStudio.TestPlatform.Fakes: Searching in: '/usr/share/dotnet/sdk/10.0.100/Extensions'.
TpTrace Information: 0 : 4245, 1, 2025/11/17, 15:28:12.743, 283727809331, vstest.console.dll, AssemblyResolver.OnResolve: Microsoft.VisualStudio.TestPlatform.Fakes: Assembly path does not exist: '/usr/share/dotnet/sdk/10.0.100/Extensions/Microsoft.VisualStudio.TestPlatform.Fakes.dll', returning.
TpTrace Information: 0 : 4245, 1, 2025/11/17, 15:28:12.743, 283727829308, vstest.console.dll, AssemblyResolver.OnResolve: Microsoft.VisualStudio.TestPlatform.Fakes: Assembly path does not exist: '/usr/share/dotnet/sdk/10.0.100/Extensions/Microsoft.VisualStudio.TestPlatform.Fakes.exe', returning.
TpTrace Information: 0 : 4245, 1, 2025/11/17, 15:28:12.743, 283727848063, vstest.console.dll, AssemblyResolver.OnResolve: Microsoft.VisualStudio.TestPlatform.Fakes: Searching in: '/usr/share/dotnet/sdk/10.0.100'.
TpTrace Information: 0 : 4245, 1, 2025/11/17, 15:28:12.743, 283727869303, vstest.console.dll, AssemblyResolver.OnResolve: Microsoft.VisualStudio.TestPlatform.Fakes: Assembly path does not exist: '/usr/share/dotnet/sdk/10.0.100/Microsoft.VisualStudio.TestPlatform.Fakes.dll', returning.
TpTrace Information: 0 : 4245, 1, 2025/11/17, 15:28:12.743, 283727898988, vstest.console.dll, AssemblyResolver.OnResolve: Microsoft.VisualStudio.TestPlatform.Fakes: Assembly path does not exist: '/usr/share/dotnet/sdk/10.0.100/Microsoft.VisualStudio.TestPlatform.Fakes.exe', returning.
TpTrace Information: 0 : 4245, 1, 2025/11/17, 15:28:12.743, 283727915489, vstest.console.dll, AssemblyResolver.OnResolve: Microsoft.VisualStudio.TestPlatform.Fakes: Failed to load assembly.
TpTrace Information: 0 : 4245, 1, 2025/11/17, 15:28:12.743, 283728120301, vstest.console.dll, Failed to load assembly Microsoft.VisualStudio.TestPlatform.Fakes, Version=18.0.0.0, Culture=neutral. Reason:System.IO.FileNotFoundException: Could not load file or assembly 'Microsoft.VisualStudio.TestPlatform.Fakes, Version=18.0.0.0, Culture=neutral, PublicKeyToken=null'. The system cannot find the file specified.

File name: 'Microsoft.VisualStudio.TestPlatform.Fakes, Version=18.0.0.0, Culture=neutral, PublicKeyToken=null'
   at System.Reflection.RuntimeAssembly.InternalLoad(AssemblyName assemblyName, StackCrawlMark& stackMark, AssemblyLoadContext assemblyLoadContext, RuntimeAssembly requestingAssembly, Boolean throwOnFileNotFound)
   at System.Reflection.Assembly.Load(AssemblyName assemblyRef)
   at Microsoft.VisualStudio.TestPlatform.Common.Utilities.FakesUtilities.LoadTestPlatformAssembly() in /_/src/vstest/src/Microsoft.TestPlatform.Common/Utilities/FakesUtilities.cs:line 200
TpTrace Verbose: 0 : 4245, 1, 2025/11/17, 15:28:12.744, 283729269703, vstest.console.dll, TestPluginCache: Update extensions started. Skip filter = False
TpTrace Verbose: 0 : 4245, 1, 2025/11/17, 15:28:12.745, 283729794872, vstest.console.dll, TestPluginCache: Using directories for assembly resolution '/home/runner/.nuget/packages/coverlet.collector/3.1.2/build/netstandard1.0'.
TpTrace Verbose: 0 : 4245, 1, 2025/11/17, 15:28:12.745, 283729850275, vstest.console.dll, TestPluginCache: Updated the available extensions to '/home/runner/.nuget/packages/coverlet.collector/3.1.2/build/netstandard1.0/coverlet.collector.dll'.
TpTrace Verbose: 0 : 4245, 1, 2025/11/17, 15:28:12.753, 283737638090, vstest.console.dll, TestEngine: Initializing Parallel Execution as MaxCpuCount is set to: 1
TpTrace Information: 0 : 4245, 1, 2025/11/17, 15:28:12.754, 283738697535, vstest.console.dll, TestPluginManager.CreateTestExtension: Attempting to load test extension: Microsoft.VisualStudio.TestPlatform.CrossPlatEngine.Hosting.DefaultTestHostManager
TpTrace Information: 0 : 4245, 1, 2025/11/17, 15:28:12.754, 283738954374, vstest.console.dll, TestPluginManager.CreateTestExtension: Attempting to load test extension: Microsoft.VisualStudio.TestPlatform.CrossPlatEngine.Hosting.DotnetTestHostManager
TpTrace Verbose: 0 : 4245, 1, 2025/11/17, 15:28:12.754, 283739208588, vstest.console.dll, TestHostManagerCallbacks.ctor: Forwarding output is enabled.
TpTrace Information: 0 : 4245, 1, 2025/11/17, 15:28:12.755, 283739576143, vstest.console.dll, InferRunSettingsHelper.IsTestSettingsEnabled: Unable to navigate to RunSettings/MSTest. Current node: RunSettings
TpTrace Verbose: 0 : 4245, 1, 2025/11/17, 15:28:12.756, 283741117346, vstest.console.dll, ParallelOperationManager.ClearSlots: Clearing all slots. Slots should accept more work: True
TpTrace Verbose: 0 : 4245, 1, 2025/11/17, 15:28:12.758, 283742672113, vstest.console.dll, ParallelOperationManager.SetOccupiedSlotCount: Setting slot counts AvailableSlotCount = 1, OccupiedSlotCount = 0.
TpTrace Verbose: 0 : 4245, 1, 2025/11/17, 15:28:12.758, 283743165152, vstest.console.dll, Occupied slots:

TpTrace Verbose: 0 : 4245, 1, 2025/11/17, 15:28:12.761, 283746404700, vstest.console.dll, TestEngine.GetExecutionManager: Chosen execution manager 'Microsoft.VisualStudio.TestPlatform.CrossPlatEngine.Client.Parallel.ParallelProxyExecutionManager, Microsoft.TestPlatform.CrossPlatEngine, Version=15.0.0.0, Culture=neutral, PublicKeyToken=b03f5f7f11d50a3a' ParallelLevel '1'.
TpTrace Verbose: 0 : 4245, 1, 2025/11/17, 15:28:12.762, 283746549731, vstest.console.dll, TestPlatform.GetSkipDefaultAdapters: Not skipping default adapters SkipDefaultAdapters was false.
TpTrace Verbose: 0 : 4245, 1, 2025/11/17, 15:28:12.762, 283746641351, vstest.console.dll, TestRunRequest.ExecuteAsync: Creating test run request.
TpTrace Verbose: 0 : 4245, 1, 2025/11/17, 15:28:12.762, 283747140401, vstest.console.dll, TestRunRequest.ExecuteAsync: Starting.
TpTrace Information: 0 : 4245, 1, 2025/11/17, 15:28:12.763, 283748208312, vstest.console.dll, TestRunRequest.ExecuteAsync: Starting run with settings:TestRunCriteria:
   KeepAlive=False,FrequencyOfRunStatsChangeEvent=10,RunStatsChangeEventTimeout=00:00:01.5000000,TestCaseFilter=,TestExecutorLauncher=
   Settingsxml=<RunSettings>
  <RunConfiguration>
    <ResultsDirectory>/home/runner/work/Frends.CSV2/Frends.CSV2/Frends.CSV.ConvertToJSON/Frends.CSV.ConvertToJSON.Tests/TestResults</ResultsDirectory>
    <TargetPlatform>X64</TargetPlatform>
    <TargetFrameworkVersion>.NETCoreApp,Version=v6.0</TargetFrameworkVersion>
    <TestAdaptersPaths>/home/runner/.nuget/packages/coverlet.collector/3.1.2/build/netstandard1.0/</TestAdaptersPaths>
    <DesignMode>False</DesignMode>
    <CollectSourceInformation>False</CollectSourceInformation>
  </RunConfiguration>
  <LoggerRunSettings>
    <Loggers>
      <Logger friendlyName="Console" assemblyQualifiedName="Microsoft.VisualStudio.TestPlatform.CommandLine.Internal.ConsoleLogger, vstest.console, Version=15.0.0.0, Culture=neutral, PublicKeyToken=b03f5f7f11d50a3a" codeBase="/usr/share/dotnet/sdk/10.0.100/vstest.console.dll" enabled="True">
        <Configuration>
          <Verbosity>minimal</Verbosity>
        </Configuration>
      </Logger>
    </Loggers>
  </LoggerRunSettings>
</RunSettings>

TpTrace Verbose: 0 : 4245, 1, 2025/11/17, 15:28:12.763, 283748253046, vstest.console.dll, TestRunRequest.ExecuteAsync: Wait for the first run request is over.
TpTrace Verbose: 0 : 4245, 1, 2025/11/17, 15:28:12.764, 283748574454, vstest.console.dll, MulticastDelegateUtilities.SafeInvoke: TestRun.TestRunStart: Invoking callbacks was skipped because there are no subscribers.
TpTrace Verbose: 0 : 4245, 4, 2025/11/17, 15:28:12.764, 283748858018, vstest.console.dll, MulticastDelegateUtilities.SafeInvoke: InternalTestLoggerEvents.SendTestRunStart: Invoking callback 1/1 for Microsoft.VisualStudio.TestPlatform.CommandLine.Internal.ConsoleLogger., took 0 ms.
TpTrace Verbose: 0 : 4245, 1, 2025/11/17, 15:28:12.765, 283749677631, vstest.console.dll, ParallelProxyExecutionManager: Start execution. Total sources: 1
TpTrace Verbose: 0 : 4245, 1, 2025/11/17, 15:28:12.765, 283750057158, vstest.console.dll, ParallelOperationManager.StartWork: Starting adding 1 workloads.
TpTrace Verbose: 0 : 4245, 1, 2025/11/17, 15:28:12.765, 283750131316, vstest.console.dll, ParallelOperationManager.ClearSlots: Clearing all slots. Slots should accept more work: True
TpTrace Verbose: 0 : 4245, 1, 2025/11/17, 15:28:12.765, 283750238767, vstest.console.dll, ParallelOperationManager.SetOccupiedSlotCount: Setting slot counts AvailableSlotCount = 1, OccupiedSlotCount = 0.
TpTrace Verbose: 0 : 4245, 1, 2025/11/17, 15:28:12.765, 283750275866, vstest.console.dll, Occupied slots:

TpTrace Verbose: 0 : 4245, 1, 2025/11/17, 15:28:12.767, 283751555882, vstest.console.dll, TestHostManagerCallbacks.ctor: Forwarding output is enabled.
TpTrace Verbose: 0 : 4245, 1, 2025/11/17, 15:28:12.767, 283751800487, vstest.console.dll, TestRequestSender is acting as server.
TpTrace Verbose: 0 : 4245, 1, 2025/11/17, 15:28:12.767, 283752110656, vstest.console.dll, ParallelOperationManager.RunWorkInParallel: Adding 1 workload to slot, remaining workloads 0.
TpTrace Verbose: 0 : 4245, 1, 2025/11/17, 15:28:12.767, 283752162963, vstest.console.dll, ParallelOperationManager.SetOccupiedSlotCount: Setting slot counts AvailableSlotCount = 0, OccupiedSlotCount = 1.
TpTrace Verbose: 0 : 4245, 1, 2025/11/17, 15:28:12.767, 283752298706, vstest.console.dll, Occupied slots:
0: /home/runner/work/Frends.CSV2/Frends.CSV2/Frends.CSV.ConvertToJSON/Frends.CSV.ConvertToJSON.Tests/bin/Debug/net6.0/Frends.CSV.ConvertToJSON.Tests.dll
TpTrace Verbose: 0 : 4245, 1, 2025/11/17, 15:28:12.768, 283753471151, vstest.console.dll, ParallelOperationManager.RunWorkInParallel: Started host in slot number 0 for work (source): /home/runner/work/Frends.CSV2/Frends.CSV2/Frends.CSV.ConvertToJSON/Frends.CSV.ConvertToJSON.Tests/bin/Debug/net6.0/Frends.CSV.ConvertToJSON.Tests.dll.
TpTrace Verbose: 0 : 4245, 1, 2025/11/17, 15:28:12.770, 283754680485, vstest.console.dll, ParallelOperationManager.RunWorkInParallel: We started 1 work items, which is the max parallel level. Won't start more work.
TpTrace Verbose: 0 : 4245, 5, 2025/11/17, 15:28:12.770, 283754697866, vstest.console.dll, ParallelProxyExecutionManager.StartTestRunOnConcurrentManager: Initializing uninitialized client. Started clients: 0
TpTrace Verbose: 0 : 4245, 5, 2025/11/17, 15:28:12.770, 283754779037, vstest.console.dll, ParallelProxyExecutionManager.StartTestRunOnConcurrentManager: Initializing test run. Started clients: 0
TpTrace Verbose: 0 : 4245, 1, 2025/11/17, 15:28:12.770, 283754728214, vstest.console.dll, ParallelOperationManager.RunWorkInParallel: We started 1 work items in here, returning True.
TpTrace Information: 0 : 4245, 1, 2025/11/17, 15:28:12.770, 283754840814, vstest.console.dll, TestRunRequest.ExecuteAsync: Started.
TpTrace Verbose: 0 : 4245, 5, 2025/11/17, 15:28:12.770, 283754859717, vstest.console.dll, ProxyExecutionManager: Test host is always Lazy initialize.
TpTrace Verbose: 0 : 4245, 5, 2025/11/17, 15:28:12.770, 283755214739, vstest.console.dll, TestRequestSender.InitializeCommunication: initialize communication. 
TpTrace Verbose: 0 : 4245, 1, 2025/11/17, 15:28:12.770, 283755542051, vstest.console.dll, TestRunRequest.WaitForCompletion: Waiting with timeout -1.
TpTrace Information: 0 : 4245, 5, 2025/11/17, 15:28:12.781, 283766443378, vstest.console.dll, SocketServer.Start: Listening on endpoint : 127.0.0.1:46687
TpTrace Verbose: 0 : 4245, 5, 2025/11/17, 15:28:12.785, 283769997743, vstest.console.dll, DotnetTestHostmanager.GetTestHostProcessStartInfo: Platform environment 'X64' target architecture 'X64' framework '.NETCoreApp,Version=v6.0' OS 'Unix'
TpTrace Verbose: 0 : 4245, 5, 2025/11/17, 15:28:12.785, 283770116253, vstest.console.dll, DotnetTestHostmanager.LaunchTestHostAsync: VSTEST_DOTNET_ROOT_PATH=/usr/share/dotnet
TpTrace Verbose: 0 : 4245, 5, 2025/11/17, 15:28:12.785, 283770145187, vstest.console.dll, DotnetTestHostmanager.LaunchTestHostAsync: VSTEST_DOTNET_ROOT_ARCHITECTURE=X64
TpTrace Verbose: 0 : 4245, 5, 2025/11/17, 15:28:12.785, 283770243871, vstest.console.dll, DotnetTestHostManager.SetDotnetRootForArchitecture: Adding DOTNET_ROOT_X64=/usr/share/dotnet to testhost start info.
TpTrace Verbose: 0 : 4245, 5, 2025/11/17, 15:28:12.785, 283770361310, vstest.console.dll, DotnetTestHostmanager: Adding  --runtimeconfig "/home/runner/work/Frends.CSV2/Frends.CSV2/Frends.CSV.ConvertToJSON/Frends.CSV.ConvertToJSON.Tests/bin/Debug/net6.0/Frends.CSV.ConvertToJSON.Tests.runtimeconfig.json" in args
TpTrace Verbose: 0 : 4245, 5, 2025/11/17, 15:28:12.785, 283770399601, vstest.console.dll, DotnetTestHostmanager: Adding  --depsfile "/home/runner/work/Frends.CSV2/Frends.CSV2/Frends.CSV.ConvertToJSON/Frends.CSV.ConvertToJSON.Tests/bin/Debug/net6.0/Frends.CSV.ConvertToJSON.Tests.deps.json" in args
TpTrace Information: 0 : 4245, 5, 2025/11/17, 15:28:12.785, 283770485111, vstest.console.dll, AssemblyResolver.OnResolve: Microsoft.Extensions.DependencyModel: Resolving assembly.
TpTrace Information: 0 : 4245, 5, 2025/11/17, 15:28:12.785, 283770517672, vstest.console.dll, AssemblyResolver.OnResolve: Microsoft.Extensions.DependencyModel: Searching in: '/usr/share/dotnet/sdk/10.0.100/Extensions'.
TpTrace Information: 0 : 4245, 5, 2025/11/17, 15:28:12.785, 283770541977, vstest.console.dll, AssemblyResolver.OnResolve: Microsoft.Extensions.DependencyModel: Assembly path does not exist: '/usr/share/dotnet/sdk/10.0.100/Extensions/Microsoft.Extensions.DependencyModel.dll', returning.
TpTrace Information: 0 : 4245, 5, 2025/11/17, 15:28:12.786, 283770583194, vstest.console.dll, AssemblyResolver.OnResolve: Microsoft.Extensions.DependencyModel: Assembly path does not exist: '/usr/share/dotnet/sdk/10.0.100/Extensions/Microsoft.Extensions.DependencyModel.exe', returning.
TpTrace Information: 0 : 4245, 5, 2025/11/17, 15:28:12.786, 283770608180, vstest.console.dll, AssemblyResolver.OnResolve: Microsoft.Extensions.DependencyModel: Searching in: '/usr/share/dotnet/sdk/10.0.100'.
TpTrace Information: 0 : 4245, 5, 2025/11/17, 15:28:12.786, 283770750215, vstest.console.dll, AssemblyResolver.OnResolve: Microsoft.Extensions.DependencyModel: Loading assembly '/usr/share/dotnet/sdk/10.0.100/Microsoft.Extensions.DependencyModel.dll'.
TpTrace Information: 0 : 4245, 5, 2025/11/17, 15:28:12.786, 283770975916, vstest.console.dll, AssemblyResolver.OnResolve: Resolved assembly: Microsoft.Extensions.DependencyModel, from path: /usr/share/dotnet/sdk/10.0.100/Microsoft.Extensions.DependencyModel.dll
TpTrace Verbose: 0 : 4245, 5, 2025/11/17, 15:28:12.786, 283771475106, vstest.console.dll, DotnetTestHostmanager: Runtimeconfig.dev.json /home/runner/work/Frends.CSV2/Frends.CSV2/Frends.CSV.ConvertToJSON/Frends.CSV.ConvertToJSON.Tests/bin/Debug/net6.0/Frends.CSV.ConvertToJSON.Tests.runtimeconfig.dev.json does not exist.
TpTrace Verbose: 0 : 4245, 5, 2025/11/17, 15:28:12.786, 283771513758, vstest.console.dll, DotnetTestHostManager: Found testhost.dll in source directory: /home/runner/work/Frends.CSV2/Frends.CSV2/Frends.CSV.ConvertToJSON/Frends.CSV.ConvertToJSON.Tests/bin/Debug/net6.0/testhost.dll.
TpTrace Verbose: 0 : 4245, 5, 2025/11/17, 15:28:12.787, 283771568841, vstest.console.dll, DotnetTestHostmanager: Current process architetcure 'X64'
TpTrace Verbose: 0 : 4245, 5, 2025/11/17, 15:28:12.788, 283772929247, vstest.console.dll, DotnetTestHostmanager.LaunchTestHostAsync: Compatible muxer architecture of running process 'X64' and target architecture 'X64'
TpTrace Verbose: 0 : 4245, 5, 2025/11/17, 15:28:12.788, 283772991603, vstest.console.dll, DotnetTestHostmanager: Full path of testhost.dll is /home/runner/work/Frends.CSV2/Frends.CSV2/Frends.CSV.ConvertToJSON/Frends.CSV.ConvertToJSON.Tests/bin/Debug/net6.0/testhost.dll
TpTrace Verbose: 0 : 4245, 5, 2025/11/17, 15:28:12.788, 283773059419, vstest.console.dll, DotnetTestHostmanager: Full path of host exe is /usr/share/dotnet/dotnet
TpTrace Verbose: 0 : 4245, 5, 2025/11/17, 15:28:12.789, 283773930803, vstest.console.dll, DotnetTestHostManager: Starting process '0' with command line '1' and DOTNET environment: DOTNET_ROOT_X64=/usr/share/dotnet 
TpTrace Verbose: 0 : 4245, 5, 2025/11/17, 15:28:12.793, 283778064478, vstest.console.dll, Test Runtime launched
TpTrace Verbose: 0 : 4245, 5, 2025/11/17, 15:28:12.793, 283778138456, vstest.console.dll, MulticastDelegateUtilities.SafeInvoke: HostProviderEvents.OnHostLaunched: Invoking callback 1/1 for Microsoft.VisualStudio.TestPlatform.CrossPlatEngine.Client.ProxyOperationManager., took 0 ms.
TpTrace Verbose: 0 : 4245, 5, 2025/11/17, 15:28:12.793, 283778471016, vstest.console.dll, TestRequestSender.WaitForRequestHandlerConnection: waiting for connection with timeout: 90000.
TpTrace Warning: 0 : 4245, 9, 2025/11/17, 15:28:12.794, 283779224988, vstest.console.dll, TestHostManagerCallbacks.ErrorReceivedCallback Test host standard error line: You must install or update .NET to run this application.
TpTrace Verbose: 0 : 4245, 10, 2025/11/17, 15:28:12.794, 283779230784, vstest.console.dll, TestHostManagerCallbacks.StandardOutputReceivedCallback Test host standard output line: 
TpTrace Verbose: 0 : 4245, 9, 2025/11/17, 15:28:12.794, 283779440600, vstest.console.dll, MulticastDelegateUtilities.SafeInvoke: TestRunMessageLoggerProxy.SendMessage: Invoking callback 1/1 for Microsoft.VisualStudio.TestPlatform.Common.Logging.InternalTestLoggerEvents., took 0 ms.
TpTrace Warning: 0 : 4245, 9, 2025/11/17, 15:28:12.794, 283779479052, vstest.console.dll, TestHostManagerCallbacks.ErrorReceivedCallback Test host standard error line: 
TpTrace Warning: 0 : 4245, 9, 2025/11/17, 15:28:12.794, 283779497126, vstest.console.dll, TestHostManagerCallbacks.ErrorReceivedCallback Test host standard error line: App: /home/runner/work/Frends.CSV2/Frends.CSV2/Frends.CSV.ConvertToJSON/Frends.CSV.ConvertToJSON.Tests/bin/Debug/net6.0/testhost.dll
TpTrace Verbose: 0 : 4245, 9, 2025/11/17, 15:28:12.795, 283779786034, vstest.console.dll, MulticastDelegateUtilities.SafeInvoke: TestRunMessageLoggerProxy.SendMessage: Invoking callback 1/1 for Microsoft.VisualStudio.TestPlatform.Common.Logging.InternalTestLoggerEvents., took 0 ms.
TpTrace Warning: 0 : 4245, 9, 2025/11/17, 15:28:12.795, 283779819416, vstest.console.dll, TestHostManagerCallbacks.ErrorReceivedCallback Test host standard error line: Architecture: x64
TpTrace Verbose: 0 : 4245, 9, 2025/11/17, 15:28:12.795, 283779849021, vstest.console.dll, MulticastDelegateUtilities.SafeInvoke: TestRunMessageLoggerProxy.SendMessage: Invoking callback 1/1 for Microsoft.VisualStudio.TestPlatform.Common.Logging.InternalTestLoggerEvents., took 0 ms.
TpTrace Warning: 0 : 4245, 9, 2025/11/17, 15:28:12.795, 283779879839, vstest.console.dll, TestHostManagerCallbacks.ErrorReceivedCallback Test host standard error line: Framework: 'Microsoft.NETCore.App', version '6.0.0' (x64)
TpTrace Verbose: 0 : 4245, 4, 2025/11/17, 15:28:12.795, 283779996777, vstest.console.dll, MulticastDelegateUtilities.SafeInvoke: InternalTestLoggerEvents.SendMessage: Invoking callback 1/1 for Microsoft.VisualStudio.TestPlatform.CommandLine.Internal.ConsoleLogger., took 0 ms.
TpTrace Verbose: 0 : 4245, 4, 2025/11/17, 15:28:12.795, 283780198272, vstest.console.dll, MulticastDelegateUtilities.SafeInvoke: InternalTestLoggerEvents.SendMessage: Invoking callback 1/1 for Microsoft.VisualStudio.TestPlatform.CommandLine.Internal.ConsoleLogger., took 0 ms.
TpTrace Verbose: 0 : 4245, 4, 2025/11/17, 15:28:12.795, 283780259747, vstest.console.dll, MulticastDelegateUtilities.SafeInvoke: InternalTestLoggerEvents.SendMessage: Invoking callback 1/1 for Microsoft.VisualStudio.TestPlatform.CommandLine.Internal.ConsoleLogger., took 0 ms.
TpTrace Verbose: 0 : 4245, 4, 2025/11/17, 15:28:12.795, 283780437438, vstest.console.dll, MulticastDelegateUtilities.SafeInvoke: InternalTestLoggerEvents.SendMessage: Invoking callback 1/1 for Microsoft.VisualStudio.TestPlatform.CommandLine.Internal.ConsoleLogger., took 0 ms.
TpTrace Verbose: 0 : 4245, 9, 2025/11/17, 15:28:12.795, 283780522557, vstest.console.dll, MulticastDelegateUtilities.SafeInvoke: TestRunMessageLoggerProxy.SendMessage: Invoking callback 1/1 for Microsoft.VisualStudio.TestPlatform.Common.Logging.InternalTestLoggerEvents., took 0 ms.
TpTrace Warning: 0 : 4245, 9, 2025/11/17, 15:28:12.796, 283780550329, vstest.console.dll, TestHostManagerCallbacks.ErrorReceivedCallback Test host standard error line: .NET location: /usr/share/dotnet/
TpTrace Verbose: 0 : 4245, 4, 2025/11/17, 15:28:12.796, 283780704897, vstest.console.dll, MulticastDelegateUtilities.SafeInvoke: InternalTestLoggerEvents.SendMessage: Invoking callback 1/1 for Microsoft.VisualStudio.TestPlatform.CommandLine.Internal.ConsoleLogger., took 0 ms.
TpTrace Verbose: 0 : 4245, 9, 2025/11/17, 15:28:12.796, 283780778343, vstest.console.dll, MulticastDelegateUtilities.SafeInvoke: TestRunMessageLoggerProxy.SendMessage: Invoking callback 1/1 for Microsoft.VisualStudio.TestPlatform.Common.Logging.InternalTestLoggerEvents., took 0 ms.
TpTrace Warning: 0 : 4245, 9, 2025/11/17, 15:28:12.796, 283780836201, vstest.console.dll, TestHostManagerCallbacks.ErrorReceivedCallback Test host standard error line: 
TpTrace Warning: 0 : 4245, 9, 2025/11/17, 15:28:12.796, 283780883129, vstest.console.dll, TestHostManagerCallbacks.ErrorReceivedCallback Test host standard error line: The following frameworks were found:
TpTrace Verbose: 0 : 4245, 4, 2025/11/17, 15:28:12.796, 283781036915, vstest.console.dll, MulticastDelegateUtilities.SafeInvoke: InternalTestLoggerEvents.SendMessage: Invoking callback 1/1 for Microsoft.VisualStudio.TestPlatform.CommandLine.Internal.ConsoleLogger., took 0 ms.
TpTrace Verbose: 0 : 4245, 9, 2025/11/17, 15:28:12.796, 283781128656, vstest.console.dll, MulticastDelegateUtilities.SafeInvoke: TestRunMessageLoggerProxy.SendMessage: Invoking callback 1/1 for Microsoft.VisualStudio.TestPlatform.Common.Logging.InternalTestLoggerEvents., took 0 ms.
TpTrace Warning: 0 : 4245, 9, 2025/11/17, 15:28:12.796, 283781156178, vstest.console.dll, TestHostManagerCallbacks.ErrorReceivedCallback Test host standard error line:   8.0.6 at [/usr/share/dotnet/shared/Microsoft.NETCore.App]
TpTrace Verbose: 0 : 4245, 9, 2025/11/17, 15:28:12.796, 283781223323, vstest.console.dll, MulticastDelegateUtilities.SafeInvoke: TestRunMessageLoggerProxy.SendMessage: Invoking callback 1/1 for Microsoft.VisualStudio.TestPlatform.Common.Logging.InternalTestLoggerEvents., took 0 ms.
TpTrace Warning: 0 : 4245, 9, 2025/11/17, 15:28:12.796, 283781250494, vstest.console.dll, TestHostManagerCallbacks.ErrorReceivedCallback Test host standard error line:   8.0.22 at [/usr/share/dotnet/shared/Microsoft.NETCore.App]
TpTrace Verbose: 0 : 4245, 9, 2025/11/17, 15:28:12.796, 283781276111, vstest.console.dll, MulticastDelegateUtilities.SafeInvoke: TestRunMessageLoggerProxy.SendMessage: Invoking callback 1/1 for Microsoft.VisualStudio.TestPlatform.Common.Logging.InternalTestLoggerEvents., took 0 ms.
TpTrace Warning: 0 : 4245, 9, 2025/11/17, 15:28:12.796, 283781296660, vstest.console.dll, TestHostManagerCallbacks.ErrorReceivedCallback Test host standard error line:   9.0.6 at [/usr/share/dotnet/shared/Microsoft.NETCore.App]
TpTrace Verbose: 0 : 4245, 9, 2025/11/17, 15:28:12.796, 283781326826, vstest.console.dll, MulticastDelegateUtilities.SafeInvoke: TestRunMessageLoggerProxy.SendMessage: Invoking callback 1/1 for Microsoft.VisualStudio.TestPlatform.Common.Logging.InternalTestLoggerEvents., took 0 ms.
TpTrace Warning: 0 : 4245, 9, 2025/11/17, 15:28:12.796, 283781349157, vstest.console.dll, TestHostManagerCallbacks.ErrorReceivedCallback Test host standard error line:   9.0.11 at [/usr/share/dotnet/shared/Microsoft.NETCore.App]
TpTrace Verbose: 0 : 4245, 9, 2025/11/17, 15:28:12.796, 283781380376, vstest.console.dll, MulticastDelegateUtilities.SafeInvoke: TestRunMessageLoggerProxy.SendMessage: Invoking callback 1/1 for Microsoft.VisualStudio.TestPlatform.Common.Logging.InternalTestLoggerEvents., took 0 ms.
TpTrace Warning: 0 : 4245, 9, 2025/11/17, 15:28:12.796, 283781402697, vstest.console.dll, TestHostManagerCallbacks.ErrorReceivedCallback Test host standard error line:   10.0.0 at [/usr/share/dotnet/shared/Microsoft.NETCore.App]
TpTrace Verbose: 0 : 4245, 9, 2025/11/17, 15:28:12.796, 283781431681, vstest.console.dll, MulticastDelegateUtilities.SafeInvoke: TestRunMessageLoggerProxy.SendMessage: Invoking callback 1/1 for Microsoft.VisualStudio.TestPlatform.Common.Logging.InternalTestLoggerEvents., took 0 ms.
TpTrace Warning: 0 : 4245, 9, 2025/11/17, 15:28:12.796, 283781454093, vstest.console.dll, TestHostManagerCallbacks.ErrorReceivedCallback Test host standard error line: 
TpTrace Warning: 0 : 4245, 9, 2025/11/17, 15:28:12.796, 283781470694, vstest.console.dll, TestHostManagerCallbacks.ErrorReceivedCallback Test host standard error line: Learn more:
TpTrace Verbose: 0 : 4245, 9, 2025/11/17, 15:28:12.796, 283781493667, vstest.console.dll, MulticastDelegateUtilities.SafeInvoke: TestRunMessageLoggerProxy.SendMessage: Invoking callback 1/1 for Microsoft.VisualStudio.TestPlatform.Common.Logging.InternalTestLoggerEvents., took 0 ms.
TpTrace Warning: 0 : 4245, 9, 2025/11/17, 15:28:12.796, 283781513173, vstest.console.dll, TestHostManagerCallbacks.ErrorReceivedCallback Test host standard error line: https://aka.ms/dotnet/app-launch-failed
TpTrace Verbose: 0 : 4245, 9, 2025/11/17, 15:28:12.797, 283781564839, vstest.console.dll, MulticastDelegateUtilities.SafeInvoke: TestRunMessageLoggerProxy.SendMessage: Invoking callback 1/1 for Microsoft.VisualStudio.TestPlatform.Common.Logging.InternalTestLoggerEvents., took 0 ms.
TpTrace Warning: 0 : 4245, 9, 2025/11/17, 15:28:12.797, 283781588012, vstest.console.dll, TestHostManagerCallbacks.ErrorReceivedCallback Test host standard error line: 
TpTrace Warning: 0 : 4245, 9, 2025/11/17, 15:28:12.797, 283781603441, vstest.console.dll, TestHostManagerCallbacks.ErrorReceivedCallback Test host standard error line: To install missing framework, download:
TpTrace Verbose: 0 : 4245, 9, 2025/11/17, 15:28:12.797, 283781626745, vstest.console.dll, MulticastDelegateUtilities.SafeInvoke: TestRunMessageLoggerProxy.SendMessage: Invoking callback 1/1 for Microsoft.VisualStudio.TestPlatform.Common.Logging.InternalTestLoggerEvents., took 0 ms.
TpTrace Warning: 0 : 4245, 9, 2025/11/17, 15:28:12.797, 283781659816, vstest.console.dll, TestHostManagerCallbacks.ErrorReceivedCallback Test host standard error line: https://aka.ms/dotnet-core-applaunch?framework=Microsoft.NETCore.App&framework_version=6.0.0&arch=x64&rid=linux-x64&os=ubuntu.24.04
TpTrace Verbose: 0 : 4245, 9, 2025/11/17, 15:28:12.797, 283781687959, vstest.console.dll, MulticastDelegateUtilities.SafeInvoke: TestRunMessageLoggerProxy.SendMessage: Invoking callback 1/1 for Microsoft.VisualStudio.TestPlatform.Common.Logging.InternalTestLoggerEvents., took 0 ms.
TpTrace Verbose: 0 : 4245, 4, 2025/11/17, 15:28:12.797, 283781685549, vstest.console.dll, MulticastDelegateUtilities.SafeInvoke: InternalTestLoggerEvents.SendMessage: Invoking callback 1/1 for Microsoft.VisualStudio.TestPlatform.CommandLine.Internal.ConsoleLogger., took 0 ms.
TpTrace Warning: 0 : 4245, 9, 2025/11/17, 15:28:12.797, 283781750395, vstest.console.dll, TestHostManagerCallbacks.ErrorReceivedCallback Test host standard error line: 
TpTrace Verbose: 0 : 4245, 4, 2025/11/17, 15:28:12.797, 283781764787, vstest.console.dll, MulticastDelegateUtilities.SafeInvoke: InternalTestLoggerEvents.SendMessage: Invoking callback 1/1 for Microsoft.VisualStudio.TestPlatform.CommandLine.Internal.ConsoleLogger., took 0 ms.
TpTrace Verbose: 0 : 4245, 4, 2025/11/17, 15:28:12.797, 283781804571, vstest.console.dll, MulticastDelegateUtilities.SafeInvoke: InternalTestLoggerEvents.SendMessage: Invoking callback 1/1 for Microsoft.VisualStudio.TestPlatform.CommandLine.Internal.ConsoleLogger., took 0 ms.
TpTrace Verbose: 0 : 4245, 4, 2025/11/17, 15:28:12.797, 283781861487, vstest.console.dll, MulticastDelegateUtilities.SafeInvoke: InternalTestLoggerEvents.SendMessage: Invoking callback 1/1 for Microsoft.VisualStudio.TestPlatform.CommandLine.Internal.ConsoleLogger., took 0 ms.
TpTrace Verbose: 0 : 4245, 4, 2025/11/17, 15:28:12.797, 283781892054, vstest.console.dll, MulticastDelegateUtilities.SafeInvoke: InternalTestLoggerEvents.SendMessage: Invoking callback 1/1 for Microsoft.VisualStudio.TestPlatform.CommandLine.Internal.ConsoleLogger., took 0 ms.
TpTrace Verbose: 0 : 4245, 4, 2025/11/17, 15:28:12.797, 283781918053, vstest.console.dll, MulticastDelegateUtilities.SafeInvoke: InternalTestLoggerEvents.SendMessage: Invoking callback 1/1 for Microsoft.VisualStudio.TestPlatform.CommandLine.Internal.ConsoleLogger., took 0 ms.
TpTrace Verbose: 0 : 4245, 4, 2025/11/17, 15:28:12.797, 283781953579, vstest.console.dll, MulticastDelegateUtilities.SafeInvoke: InternalTestLoggerEvents.SendMessage: Invoking callback 1/1 for Microsoft.VisualStudio.TestPlatform.CommandLine.Internal.ConsoleLogger., took 0 ms.
TpTrace Verbose: 0 : 4245, 4, 2025/11/17, 15:28:12.797, 283781984406, vstest.console.dll, MulticastDelegateUtilities.SafeInvoke: InternalTestLoggerEvents.SendMessage: Invoking callback 1/1 for Microsoft.VisualStudio.TestPlatform.CommandLine.Internal.ConsoleLogger., took 0 ms.
TpTrace Verbose: 0 : 4245, 4, 2025/11/17, 15:28:12.797, 283782044919, vstest.console.dll, MulticastDelegateUtilities.SafeInvoke: InternalTestLoggerEvents.SendMessage: Invoking callback 1/1 for Microsoft.VisualStudio.TestPlatform.CommandLine.Internal.ConsoleLogger., took 0 ms.
TpTrace Verbose: 0 : 4245, 9, 2025/11/17, 15:28:12.798, 283783422932, vstest.console.dll, TestHostProvider.ExitCallBack: Host exited starting callback.
TpTrace Error: 0 : 4245, 9, 2025/11/17, 15:28:12.798, 283783503723, vstest.console.dll, TestHostManagerCallbacks.ExitCallBack: Testhost processId: 4257 exited with exitcode: 150 error: 'You must install or update .NET to run this application.
App: /home/runner/work/Frends.CSV2/Frends.CSV2/Frends.CSV.ConvertToJSON/Frends.CSV.ConvertToJSON.Tests/bin/Debug/net6.0/testhost.dll
Architecture: x64
Framework: 'Microsoft.NETCore.App', version '6.0.0' (x64)
.NET location: /usr/share/dotnet/
The following frameworks were found:
  8.0.6 at [/usr/share/dotnet/shared/Microsoft.NETCore.App]
  8.0.22 at [/usr/share/dotnet/shared/Microsoft.NETCore.App]
  9.0.6 at [/usr/share/dotnet/shared/Microsoft.NETCore.App]
  9.0.11 at [/usr/share/dotnet/shared/Microsoft.NETCore.App]
  10.0.0 at [/usr/share/dotnet/shared/Microsoft.NETCore.App]
Learn more:
https://aka.ms/dotnet/app-launch-failed
To install missing framework, download:
https://aka.ms/dotnet-core-applaunch?framework=Microsoft.NETCore.App&framework_version=6.0.0&arch=x64&rid=linux-x64&os=ubuntu.24.04
'
TpTrace Verbose: 0 : 4245, 9, 2025/11/17, 15:28:12.799, 283783553767, vstest.console.dll, DotnetTestHostManager.OnHostExited: invoking OnHostExited callback
TpTrace Verbose: 0 : 4245, 9, 2025/11/17, 15:28:12.799, 283783745003, vstest.console.dll, CrossPlatEngine.TestHostManagerHostExited: calling on client process exit callback.
TpTrace Information: 0 : 4245, 9, 2025/11/17, 15:28:12.799, 283783822788, vstest.console.dll, TestRequestSender.OnClientProcessExit: Test host process exited. Standard error: You must install or update .NET to run this application.
App: /home/runner/work/Frends.CSV2/Frends.CSV2/Frends.CSV.ConvertToJSON/Frends.CSV.ConvertToJSON.Tests/bin/Debug/net6.0/testhost.dll
Architecture: x64
Framework: 'Microsoft.NETCore.App', version '6.0.0' (x64)
.NET location: /usr/share/dotnet/
The following frameworks were found:
  8.0.6 at [/usr/share/dotnet/shared/Microsoft.NETCore.App]
  8.0.22 at [/usr/share/dotnet/shared/Microsoft.NETCore.App]
  9.0.6 at [/usr/share/dotnet/shared/Microsoft.NETCore.App]
  9.0.11 at [/usr/share/dotnet/shared/Microsoft.NETCore.App]
  10.0.0 at [/usr/share/dotnet/shared/Microsoft.NETCore.App]
Learn more:
https://aka.ms/dotnet/app-launch-failed
To install missing framework, download:
https://aka.ms/dotnet-core-applaunch?framework=Microsoft.NETCore.App&framework_version=6.0.0&arch=x64&rid=linux-x64&os=ubuntu.24.04

TpTrace Information: 0 : 4245, 9, 2025/11/17, 15:28:12.799, 283783888741, vstest.console.dll, SocketServer.Stop: Stop server endPoint: 127.0.0.1:46687
TpTrace Verbose: 0 : 4245, 5, 2025/11/17, 15:28:12.799, 283783898822, vstest.console.dll, TestRequestSender.WaitForRequestHandlerConnection: waiting took 5 ms, with timeout 90000 ms, and result 2, which is failure.
TpTrace Verbose: 0 : 4245, 5, 2025/11/17, 15:28:12.799, 283783959786, vstest.console.dll, Test host failed to start Test host launched:True test host exited: True
TpTrace Information: 0 : 4245, 9, 2025/11/17, 15:28:12.799, 283783966095, vstest.console.dll, SocketServer.Stop: Cancellation requested. Stopping message loop.
TpTrace Verbose: 0 : 4245, 9, 2025/11/17, 15:28:12.799, 283784121414, vstest.console.dll, MulticastDelegateUtilities.SafeInvoke: HostProviderEvents.OnHostExited: Invoking callback 1/1 for Microsoft.VisualStudio.TestPlatform.CrossPlatEngine.Client.ProxyOperationManager., took 0 ms.
TpTrace Error: 0 : 4245, 5, 2025/11/17, 15:28:12.800, 283785078391, vstest.console.dll, ProxyExecutionManager.StartTestRun: Failed to start test run: Microsoft.VisualStudio.TestPlatform.ObjectModel.TestPlatformException: Testhost process for source(s) '/home/runner/work/Frends.CSV2/Frends.CSV2/Frends.CSV.ConvertToJSON/Frends.CSV.ConvertToJSON.Tests/bin/Debug/net6.0/Frends.CSV.ConvertToJSON.Tests.dll' exited with error: You must install or update .NET to run this application.
App: /home/runner/work/Frends.CSV2/Frends.CSV2/Frends.CSV.ConvertToJSON/Frends.CSV.ConvertToJSON.Tests/bin/Debug/net6.0/testhost.dll
Architecture: x64
Framework: 'Microsoft.NETCore.App', version '6.0.0' (x64)
.NET location: /usr/share/dotnet/
The following frameworks were found:
  8.0.6 at [/usr/share/dotnet/shared/Microsoft.NETCore.App]
  8.0.22 at [/usr/share/dotnet/shared/Microsoft.NETCore.App]
  9.0.6 at [/usr/share/dotnet/shared/Microsoft.NETCore.App]
  9.0.11 at [/usr/share/dotnet/shared/Microsoft.NETCore.App]
  10.0.0 at [/usr/share/dotnet/shared/Microsoft.NETCore.App]
Learn more:
https://aka.ms/dotnet/app-launch-failed
To install missing framework, download:
https://aka.ms/dotnet-core-applaunch?framework=Microsoft.NETCore.App&framework_version=6.0.0&arch=x64&rid=linux-x64&os=ubuntu.24.04
. Please check the diagnostic logs for more information.
   at Microsoft.VisualStudio.TestPlatform.CrossPlatEngine.Client.ProxyOperationManager.ThrowOnTestHostExited(IEnumerable`1 sources, Boolean testHostExited) in /_/src/vstest/src/Microsoft.TestPlatform.CrossPlatEngine/Client/ProxyOperationManager.cs:line 524
   at Microsoft.VisualStudio.TestPlatform.CrossPlatEngine.Client.ProxyOperationManager.SetupChannel(IEnumerable`1 sources, String runSettings) in /_/src/vstest/src/Microsoft.TestPlatform.CrossPlatEngine/Client/ProxyOperationManager.cs:line 293
   at Microsoft.VisualStudio.TestPlatform.CrossPlatEngine.Client.ProxyExecutionManager.InitializeTestRun(TestRunCriteria testRunCriteria, IInternalTestRunEventsHandler eventHandler) in /_/src/vstest/src/Microsoft.TestPlatform.CrossPlatEngine/Client/ProxyExecutionManager.cs:line 184
TpTrace Verbose: 0 : 4245, 5, 2025/11/17, 15:28:12.832, 283817417527, vstest.console.dll, TestRunRequest:SendTestRunMessage: Starting.
TpTrace Verbose: 0 : 4245, 5, 2025/11/17, 15:28:12.833, 283817553931, vstest.console.dll, MulticastDelegateUtilities.SafeInvoke: TestRun.LogMessages: Invoking callback 1/1 for Microsoft.VisualStudio.TestPlatform.CommandLine.TestRunResultAggregator., took 0 ms.
TpTrace Information: 0 : 4245, 5, 2025/11/17, 15:28:12.833, 283817582304, vstest.console.dll, TestRunRequest:SendTestRunMessage: Completed.
TpTrace Verbose: 0 : 4245, 4, 2025/11/17, 15:28:12.835, 283819624333, vstest.console.dll, MulticastDelegateUtilities.SafeInvoke: InternalTestLoggerEvents.SendTestRunMessage: Invoking callback 1/1 for Microsoft.VisualStudio.TestPlatform.CommandLine.Internal.ConsoleLogger., took 2 ms.
TpTrace Verbose: 0 : 4245, 5, 2025/11/17, 15:28:12.842, 283827383903, vstest.console.dll, TestRequestSender.EndSession: Sending end session.
TpTrace Verbose: 0 : 4245, 5, 2025/11/17, 15:28:12.842, 283827431682, vstest.console.dll, ProxyOperationManager.Close: waiting for test host to exit for 100 ms
TpTrace Information: 0 : 4245, 5, 2025/11/17, 15:28:12.842, 283827492926, vstest.console.dll, SocketServer.Stop: Stop server endPoint: 127.0.0.1:46687
TpTrace Information: 0 : 4245, 5, 2025/11/17, 15:28:12.842, 283827529114, vstest.console.dll, SocketServer.Stop: Cancellation requested. Stopping message loop.
TpTrace Information: 0 : 4245, 5, 2025/11/17, 15:28:12.843, 283827563077, vstest.console.dll, Closing the connection
TpTrace Verbose: 0 : 4245, 5, 2025/11/17, 15:28:12.845, 283830212836, vstest.console.dll, ParallelRunEventsHandler.HandleTestRunComplete: Handling a run completion, this can be either one part of parallel run completing, or the whole parallel run completing.
TpTrace Verbose: 0 : 4245, 5, 2025/11/17, 15:28:12.845, 283830435120, vstest.console.dll, ParallelProxyExecutionManager: HandlePartialRunComplete: Total workloads = 1, Total started clients = 1 Total completed clients = 1, Run complete = True, Run canceled: False.
TpTrace Verbose: 0 : 4245, 5, 2025/11/17, 15:28:12.845, 283830466389, vstest.console.dll, ParallelProxyExecutionManager: HandlePartialRunComplete: All runs completed stopping all managers.
TpTrace Verbose: 0 : 4245, 5, 2025/11/17, 15:28:12.845, 283830494591, vstest.console.dll, ParallelOperationManager.StopAllManagers: Stopping all managers.
TpTrace Verbose: 0 : 4245, 5, 2025/11/17, 15:28:12.845, 283830508387, vstest.console.dll, ParallelOperationManager.ClearSlots: Clearing all slots. Slots should accept more work: False
TpTrace Verbose: 0 : 4245, 5, 2025/11/17, 15:28:12.845, 283830536028, vstest.console.dll, ParallelOperationManager.SetOccupiedSlotCount: Setting slot counts AvailableSlotCount = 1, OccupiedSlotCount = 0.
TpTrace Verbose: 0 : 4245, 5, 2025/11/17, 15:28:12.846, 283830558390, vstest.console.dll, Occupied slots:

TpTrace Verbose: 0 : 4245, 5, 2025/11/17, 15:28:12.846, 283830568559, vstest.console.dll, ParallelRunEventsHandler.HandleTestRunComplete: Whole parallel run completed.
TpTrace Verbose: 0 : 4245, 4, 2025/11/17, 15:28:12.864, 283849267974, vstest.console.dll, MulticastDelegateUtilities.SafeInvoke: InternalTestLoggerEvents.SendTestRunComplete: Invoking callback 1/1 for Microsoft.VisualStudio.TestPlatform.CommandLine.Internal.ConsoleLogger., took 2 ms.
TpTrace Verbose: 0 : 4245, 5, 2025/11/17, 15:28:12.865, 283849552022, vstest.console.dll, TestRunRequest:TestRunComplete: Starting. IsAborted:True IsCanceled:False.
TpTrace Verbose: 0 : 4245, 5, 2025/11/17, 15:28:12.865, 283849700519, vstest.console.dll, ParallelOperationManager.DoActionOnAllManagers: Calling an action on all managers.
TpTrace Verbose: 0 : 4245, 5, 2025/11/17, 15:28:12.865, 283850375506, vstest.console.dll, TestLoggerManager.HandleTestRunComplete: Ignoring as the object is disposed.
TpTrace Verbose: 0 : 4245, 5, 2025/11/17, 15:28:12.866, 283850605395, vstest.console.dll, MulticastDelegateUtilities.SafeInvoke: TestRun.TestRunComplete: Invoking callback 1/2 for Microsoft.VisualStudio.TestPlatform.CommandLine.TestRunResultAggregator., took 0 ms.
TpTrace Verbose: 0 : 4245, 5, 2025/11/17, 15:28:12.866, 283850727773, vstest.console.dll, MulticastDelegateUtilities.SafeInvoke: TestRun.TestRunComplete: Invoking callback 2/2 for Microsoft.VisualStudio.TestPlatform.CommandLine.Processors.RunTestsArgumentExecutor+TestRunRequestEventsRegistrar., took 0 ms.
TpTrace Information: 0 : 4245, 5, 2025/11/17, 15:28:12.866, 283850816268, vstest.console.dll, TestRunRequest:TestRunComplete: Completed.
TpTrace Verbose: 0 : 4245, 1, 2025/11/17, 15:28:12.866, 283850841357, vstest.console.dll, TestRunRequest.Dispose: Starting.
TpTrace Verbose: 0 : 4245, 5, 2025/11/17, 15:28:12.866, 283850848298, vstest.console.dll, ParallelProxyExecutionManager.StartTestRunOnConcurrentManager: Execution starting. Started clients: 1
TpTrace Information: 0 : 4245, 1, 2025/11/17, 15:28:12.866, 283850883816, vstest.console.dll, TestRunRequest.Dispose: Completed.
TpTrace Information: 0 : 4245, 1, 2025/11/17, 15:28:12.866, 283850924472, vstest.console.dll, TestRequestManager.RunTests: run tests completed.
TpTrace Verbose: 0 : 4245, 5, 2025/11/17, 15:28:12.866, 283850966468, vstest.console.dll, ProxyExecutionManager: Test host is always Lazy initialize.
TpTrace Information: 0 : 4245, 1, 2025/11/17, 15:28:12.866, 283851033756, vstest.console.dll, RunTestsArgumentProcessor:Execute: Test run is completed.
TpTrace Verbose: 0 : 4245, 5, 2025/11/17, 15:28:12.866, 283851046898, vstest.console.dll, TestRequestSender.InitializeCommunication: initialize communication. 
TpTrace Verbose: 0 : 4245, 1, 2025/11/17, 15:28:12.866, 283851218721, vstest.console.dll, Executor.Execute: Exiting with exit code of 1
TpTrace Information: 0 : 4245, 5, 2025/11/17, 15:28:12.866, 283851288949, vstest.console.dll, SocketServer.Start: Listening on endpoint : 127.0.0.1:37909
TpTrace Verbose: 0 : 4245, 5, 2025/11/17, 15:28:12.867, 283851633631, vstest.console.dll, DotnetTestHostmanager.GetTestHostProcessStartInfo: Platform environment 'X64' target architecture 'X64' framework '.NETCoreApp,Version=v6.0' OS 'Unix'
TpTrace Verbose: 0 : 4245, 5, 2025/11/17, 15:28:12.867, 283851674708, vstest.console.dll, DotnetTestHostmanager.LaunchTestHostAsync: VSTEST_DOTNET_ROOT_PATH=/usr/share/dotnet
TpTrace Verbose: 0 : 4245, 5, 2025/11/17, 15:28:12.867, 283851691890, vstest.console.dll, DotnetTestHostmanager.LaunchTestHostAsync: VSTEST_DOTNET_ROOT_ARCHITECTURE=X64
TpTrace Verbose: 0 : 4245, 5, 2025/11/17, 15:28:12.867, 283851715053, vstest.console.dll, DotnetTestHostManager.SetDotnetRootForArchitecture: Adding DOTNET_ROOT_X64=/usr/share/dotnet to testhost start info.
TpTrace Verbose: 0 : 4245, 5, 2025/11/17, 15:28:12.867, 283851760498, vstest.console.dll, DotnetTestHostmanager: Adding  --runtimeconfig "/home/runner/work/Frends.CSV2/Frends.CSV2/Frends.CSV.ConvertToJSON/Frends.CSV.ConvertToJSON.Tests/bin/Debug/net6.0/Frends.CSV.ConvertToJSON.Tests.runtimeconfig.json" in args
TpTrace Verbose: 0 : 4245, 5, 2025/11/17, 15:28:12.867, 283851794361, vstest.console.dll, DotnetTestHostmanager: Adding  --depsfile "/home/runner/work/Frends.CSV2/Frends.CSV2/Frends.CSV.ConvertToJSON/Frends.CSV.ConvertToJSON.Tests/bin/Debug/net6.0/Frends.CSV.ConvertToJSON.Tests.deps.json" in args
TpTrace Verbose: 0 : 4245, 5, 2025/11/17, 15:28:12.867, 283851824538, vstest.console.dll, DotnetTestHostmanager: Runtimeconfig.dev.json /home/runner/work/Frends.CSV2/Frends.CSV2/Frends.CSV.ConvertToJSON/Frends.CSV.ConvertToJSON.Tests/bin/Debug/net6.0/Frends.CSV.ConvertToJSON.Tests.runtimeconfig.dev.json does not exist.
TpTrace Verbose: 0 : 4245, 5, 2025/11/17, 15:28:12.867, 283851853952, vstest.console.dll, DotnetTestHostManager: Found testhost.dll in source directory: /home/runner/work/Frends.CSV2/Frends.CSV2/Frends.CSV.ConvertToJSON/Frends.CSV.ConvertToJSON.Tests/bin/Debug/net6.0/testhost.dll.
TpTrace Verbose: 0 : 4245, 5, 2025/11/17, 15:28:12.867, 283851873579, vstest.console.dll, DotnetTestHostmanager: Current process architetcure 'X64'
